C:\Users\ahmadholpa\Desktop\Lab2.lst - generated by MGTEK Assembler ASM12 V1.26 Build 144 for WIN32 (x86) - Tue Jan 20 16:21:58 2015

    1:          =00000800                      org $800
    2:          =00000009              NUM_ELEMENTS1   equ     9
    3:          =0000000A              DEFAULT1        equ     $A
    4:                                 
    5:     0800 41 41 41 41            array1  db      'A','A','A','A'
    6:                                 
    7:     0804 86 12                          LDAA #$12
    8:     0806 7A 0803                        STAA array1+3
    9:                                 ;;;;;;;;;;;;;;;
   10:          =00004000                      org $4000
   11:                                 
   12:          =0000000A              NUM_ELEMENTS2 equ 10
   13:          =00000064              DEFAULT2 equ 100
   14:                                 
   15:     4000 +000A                  array2 fill NUM_ELEMENTS2, DEFAULT2
   16:                                 
   17:                                         
   18:                                 
   19:                                 
   20:                                 
   21:     400A CC FFFF                        LDD #-1
   22:     400D 7C 4008                        STD array2+8
   23:                                         
   24:                                 ;;;;;;;;;;;;;;;;;;;;;;;;;;
   25:                                 
   26:                                 ;       org $6000
   27:                                 ;DIM    dw      0
   28:                                         
   29:                                 ;NROWS  equ     $2
   30:                                 ;NCOLS  equ     $2
   31:                                 
   32:                                         ;LDAA   NROWS
   33:                                         ;LDAB   NCOLS
   34:                                         ;MUL
   35:                                         ;STD    DIM
   36:                                 
   37:                                 
   38:                                 ;array3 fill NROWS*NCOLS, $12
   39:                                 ;TryFill rmw NROWS*NCOLS
   40:                                 
   41:                                 ;byteOffset db
   42:                                 ;wordOffset db
   43:                                 
   44:                                 ;row db
   45:                                 ;col db
   46:                                 
   47:                                  
   48:                                 ;array4 fill DIM, $1234
